2020-09-08 18:48:53.814  INFO 96380 --- [main] tripmaster.trip.TripServiceTest          : Starting TripServiceTest on PO712517 with PID 96380 (started by S609998 in C:\Users\S609998\PROJETS\trip)
2020-09-08 18:48:53.816  INFO 96380 --- [main] tripmaster.trip.TripServiceTest          : No active profile set, falling back to default profiles: default
2020-09-08 18:48:57.130  INFO 96380 --- [main] o.s.s.concurrent.ThreadPoolTaskExecutor  : Initializing ExecutorService 'applicationTaskExecutor'
2020-09-08 18:48:58.195  INFO 96380 --- [main] o.s.b.a.e.web.EndpointLinksResolver      : Exposing 2 endpoint(s) beneath base path '/actuator'
2020-09-08 18:48:58.322  INFO 96380 --- [main] tripmaster.trip.TripServiceTest          : Started TripServiceTest in 5.038 seconds (JVM running for 6.757)
2020-09-08 18:48:58.416  INFO 96380 --- [Thread-2] o.s.s.concurrent.ThreadPoolTaskExecutor  : Shutting down ExecutorService 'applicationTaskExecutor'
2020-09-08 18:49:44.154  INFO 91336 --- [main] tripmaster.trip.Application              : Starting Application on PO712517 with PID 91336 (C:\Users\S609998\PROJETS\trip\bin\main started by S609998 in C:\Users\S609998\PROJETS\trip)
2020-09-08 18:49:44.159  INFO 91336 --- [main] tripmaster.trip.Application              : No active profile set, falling back to default profiles: default
2020-09-08 18:49:46.692  INFO 91336 --- [main] o.s.b.w.embedded.tomcat.TomcatWebServer  : Tomcat initialized with port(s): 8083 (http)
2020-09-08 18:49:46.735  INFO 91336 --- [main] o.apache.catalina.core.StandardService   : Starting service [Tomcat]
2020-09-08 18:49:46.736  INFO 91336 --- [main] org.apache.catalina.core.StandardEngine  : Starting Servlet engine: [Apache Tomcat/9.0.37]
2020-09-08 18:49:46.930  INFO 91336 --- [main] o.a.c.c.C.[Tomcat].[localhost].[/]       : Initializing Spring embedded WebApplicationContext
2020-09-08 18:49:46.930  INFO 91336 --- [main] o.s.web.context.ContextLoader            : Root WebApplicationContext: initialization completed in 2708 ms
2020-09-08 18:49:47.592  INFO 91336 --- [main] o.s.s.concurrent.ThreadPoolTaskExecutor  : Initializing ExecutorService 'applicationTaskExecutor'
2020-09-08 18:49:48.032  INFO 91336 --- [main] o.s.b.a.e.web.EndpointLinksResolver      : Exposing 2 endpoint(s) beneath base path '/actuator'
2020-09-08 18:49:48.151  INFO 91336 --- [main] o.s.b.w.embedded.tomcat.TomcatWebServer  : Tomcat started on port(s): 8083 (http) with context path ''
2020-09-08 18:49:48.155  INFO 91336 --- [main] tripmaster.trip.Application              : Started Application in 4.628 seconds (JVM running for 5.761)
2020-09-08 18:50:45.452  INFO 91336 --- [http-nio-8083-exec-2] o.a.c.c.C.[Tomcat].[localhost].[/]       : Initializing Spring DispatcherServlet 'dispatcherServlet'
2020-09-08 18:50:45.452  INFO 91336 --- [http-nio-8083-exec-2] o.s.web.servlet.DispatcherServlet        : Initializing Servlet 'dispatcherServlet'
2020-09-08 18:50:45.458  INFO 91336 --- [http-nio-8083-exec-2] o.s.web.servlet.DispatcherServlet        : Completed initialization in 6 ms
